Build started 2017-05-31 오후 7:18:21.
     1>Project "C:\Users\영재\Desktop\2017-1\CG\HW\4\GraphicsProject4-VC17\GraphicsProject4-VC17\open_image.vcxproj" on node 2 (Build target(s)).
     1>ClCompile:
         C:\Program Files (x86)\Microsoft Visual Studio 12.0\VC\bin\CL.exe /c /I"C:\Users\영재\Desktop\2017-1\CG\HW\4\GraphicsProject4-VC17\GraphicsProject4-VC17\packages\nupengl.core.0.1.0.1\build\native\../..//build/native/include/" /ZI /nologo /W3 /WX- /Od /Oy- /D WIN32 /D _DEBUG /D _LIB /D _UNICODE /D UNICODE /Gm /EHsc /RTC1 /MDd /GS /fp:precise /Zc:wchar_t /Zc:forScope /Fo"Debug\\" /Fd"Debug\vc120.pdb" /Gd /TP /analyze- /errorReport:prompt chihun.cpp
         chihun.cpp
     1>c:\users\영재\desktop\2017-1\cg\hw\4\graphicsproject4-vc17\graphicsproject4-vc17\chihun.cpp(195): warning C4258: 'i' : definition from the for loop is ignored; the definition from the enclosing scope is used
                 c:\users\영재\desktop\2017-1\cg\hw\4\graphicsproject4-vc17\graphicsproject4-vc17\chihun.cpp(182) : definition of 'i' ignored
                 c:\users\영재\desktop\2017-1\cg\hw\4\graphicsproject4-vc17\graphicsproject4-vc17\chihun.cpp(175) : definition of 'i' used
     1>c:\users\영재\desktop\2017-1\cg\hw\4\graphicsproject4-vc17\graphicsproject4-vc17\chihun.cpp(219): warning C4258: 'i' : definition from the for loop is ignored; the definition from the enclosing scope is used
                 c:\users\영재\desktop\2017-1\cg\hw\4\graphicsproject4-vc17\graphicsproject4-vc17\chihun.cpp(207) : definition of 'i' ignored
                 c:\users\영재\desktop\2017-1\cg\hw\4\graphicsproject4-vc17\graphicsproject4-vc17\chihun.cpp(200) : definition of 'i' used
       Link:
         C:\Program Files (x86)\Microsoft Visual Studio 12.0\VC\bin\link.exe /ERRORREPORT:PROMPT /OUT:"C:\Users\영재\Desktop\2017-1\CG\HW\4\GraphicsProject4-VC17\GraphicsProject4-VC17\Debug\open_image.exe" /NOLOGO "C:\Users\영재\Desktop\2017-1\CG\HW\4\GraphicsProject4-VC17\GraphicsProject4-VC17\packages\nupengl.core.0.1.0.1\build\native\../..//build/native/lib/Win32\glew32.lib" "C:\Users\영재\Desktop\2017-1\CG\HW\4\GraphicsProject4-VC17\GraphicsProject4-VC17\packages\nupengl.core.0.1.0.1\build\native\../..//build/native/lib/Win32\glfw3dll.lib" "C:\Users\영재\Desktop\2017-1\CG\HW\4\GraphicsProject4-VC17\GraphicsProject4-VC17\packages\nupengl.core.0.1.0.1\build\native\../..//build/native/lib/Win32\freeglut.lib" kernel32.lib user32.lib gdi32.lib winspool.lib comdlg32.lib advapi32.lib shell32.lib ole32.lib oleaut32.lib uuid.lib odbc32.lib odbccp32.lib /MANIFEST /MANIFESTUAC:"level='asInvoker' uiAccess='false'" /manifest:embed /PDB:"C:\Users\영재\Desktop\2017-1\CG\HW\4\GraphicsProject4-VC17\GraphicsProject4-VC17\Debug\open_image.pdb" /TLBID:1 /DYNAMICBASE /NXCOMPAT /IMPLIB:"C:\Users\영재\Desktop\2017-1\CG\HW\4\GraphicsProject4-VC17\GraphicsProject4-VC17\Debug\open_image.lib" /MACHINE:X86 /SAFESEH Debug\chihun.obj
         Debug\image_DXT.obj
         Debug\image_helper.obj
         Debug\SOIL.obj
         Debug\stb_image_aug.obj
     1>chihun.obj : warning LNK4075: ignoring '/EDITANDCONTINUE' due to '/OPT:ICF' specification
         open_image.vcxproj -> C:\Users\영재\Desktop\2017-1\CG\HW\4\GraphicsProject4-VC17\GraphicsProject4-VC17\Debug\open_image.exe
     1>Done Building Project "C:\Users\영재\Desktop\2017-1\CG\HW\4\GraphicsProject4-VC17\GraphicsProject4-VC17\open_image.vcxproj" (Build target(s)).

Build succeeded.

Time Elapsed 00:00:00.83
